<?xml version="1.0" encoding="UTF-8"?>
<robot generator="Robot 7.4.1 (Python 3.11.0 on win32)" generated="2026-01-29T15:57:46.208427" rpa="false" schemaversion="5">
<suite id="s1" name="TC004 Login" source="C:\Users\KIIT\OneDrive\Desktop\Wipro NGA\RobotFW\TC004_Login.robot">
<test id="s1-t1" name="TC004_Login.robot" line="12">
<kw name="Open Browser" owner="SeleniumLibrary">
<msg time="2026-01-29T15:57:46.536488" level="INFO">Opening browser 'chrome' to base url 'https://opensource-demo.orangehrmlive.com/web/index.php/auth/login'.</msg>
<arg>${url}</arg>
<arg>${browser}</arg>
<doc>Opens a new browser instance to the optional ``url``.</doc>
<status status="PASS" start="2026-01-29T15:57:46.535479" elapsed="5.864408"/>
</kw>
<kw name="Sleep" owner="BuiltIn">
<msg time="2026-01-29T15:57:57.401092" level="INFO">Slept 5 seconds.</msg>
<arg>5s</arg>
<doc>Pauses the test executed for the given time.</doc>
<status status="PASS" start="2026-01-29T15:57:52.399887" elapsed="5.001205"/>
</kw>
<kw name="Input Text" owner="SeleniumLibrary">
<msg time="2026-01-29T15:57:57.419826" level="INFO">Typing text 'Admin' into text field 'name=username'.</msg>
<arg>name=username</arg>
<arg>${username}</arg>
<doc>Types the given ``text`` into the text field identified by ``locator``.</doc>
<status status="PASS" start="2026-01-29T15:57:57.401092" elapsed="0.096993"/>
</kw>
<kw name="Input Text" owner="SeleniumLibrary">
<msg time="2026-01-29T15:57:57.499627" level="INFO">Typing text 'admin123' into text field 'name=password'.</msg>
<arg>name=password</arg>
<arg>${password}</arg>
<doc>Types the given ``text`` into the text field identified by ``locator``.</doc>
<status status="PASS" start="2026-01-29T15:57:57.498589" elapsed="0.069176"/>
</kw>
<kw name="Sleep" owner="BuiltIn">
<msg time="2026-01-29T15:58:02.569443" level="INFO">Slept 5 seconds.</msg>
<arg>5s</arg>
<doc>Pauses the test executed for the given time.</doc>
<status status="PASS" start="2026-01-29T15:57:57.568964" elapsed="5.000479"/>
</kw>
<kw name="Capture Page Screenshot" owner="SeleniumLibrary">
<msg time="2026-01-29T15:58:02.663509" level="INFO" html="true">&lt;/td&gt;&lt;/tr&gt;&lt;tr&gt;&lt;td colspan="3"&gt;&lt;a href="beforelogin.png"&gt;&lt;img src="beforelogin.png" width="800px"&gt;&lt;/a&gt;</msg>
<arg>beforelogin.png</arg>
<doc>Takes a screenshot of the current page and embeds it into a log file.</doc>
<status status="PASS" start="2026-01-29T15:58:02.569443" elapsed="0.094066"/>
</kw>
<kw name="Click Button" owner="SeleniumLibrary">
<msg time="2026-01-29T15:58:02.663509" level="INFO">Clicking button 'xpath=//*[@id="app"]/div[1]/div/div[1]/div/div[2]/div[2]/form/div[3]/button'.</msg>
<arg>xpath=//*[@id="app"]/div[1]/div/div[1]/div/div[2]/div[2]/form/div[3]/button</arg>
<doc>Clicks the button identified by ``locator``.</doc>
<status status="PASS" start="2026-01-29T15:58:02.663509" elapsed="0.073602"/>
</kw>
<kw name="Sleep" owner="BuiltIn">
<msg time="2026-01-29T15:58:07.739132" level="INFO">Slept 5 seconds.</msg>
<arg>5s</arg>
<doc>Pauses the test executed for the given time.</doc>
<status status="PASS" start="2026-01-29T15:58:02.737111" elapsed="5.002021"/>
</kw>
<kw name="Capture Page Screenshot" owner="SeleniumLibrary">
<msg time="2026-01-29T15:58:08.859781" level="INFO" html="true">&lt;/td&gt;&lt;/tr&gt;&lt;tr&gt;&lt;td colspan="3"&gt;&lt;a href="afterlogin.png"&gt;&lt;img src="afterlogin.png" width="800px"&gt;&lt;/a&gt;</msg>
<arg>afterlogin.png</arg>
<doc>Takes a screenshot of the current page and embeds it into a log file.</doc>
<status status="PASS" start="2026-01-29T15:58:07.739132" elapsed="1.120649"/>
</kw>
<kw name="Close Browser" owner="SeleniumLibrary">
<doc>Closes the current browser.</doc>
<status status="PASS" start="2026-01-29T15:58:08.860793" elapsed="2.194007"/>
</kw>
<status status="PASS" start="2026-01-29T15:57:46.534468" elapsed="24.521329"/>
</test>
<status status="PASS" start="2026-01-29T15:57:46.210484" elapsed="24.845313"/>
</suite>
<statistics>
<total>
<stat pass="1" fail="0" skip="0">All Tests</stat>
</total>
<tag>
</tag>
<suite>
<stat name="TC004 Login" id="s1" pass="1" fail="0" skip="0">TC004 Login</stat>
</suite>
</statistics>
<errors>
</errors>
</robot>
